<?xml version="1.0" encoding="UTF-8"?>
<!-- Generated by org.testng.reporters.JUnitReportReporter -->
<testsuite hostname="konduris-MacBook-Air.local" failures="0" tests="1" name="org.mydemo.ios.testCases.TestCase1" time="3.891" errors="0" timestamp="2025-07-19T19:07:42 IST" skipped="0">
  <testcase classname="org.mydemo.ios.testCases.TestCase1" name="sampleTest1" time="3.891"/>
</testsuite> <!-- org.mydemo.ios.testCases.TestCase1 -->
