<?xml version="1.0" encoding="UTF-8"?>
<!-- Generated by org.testng.reporters.JUnitReportReporter -->
<testsuite hostname="konduris-MacBook-Air.local" failures="0" tests="1" name="tests.android.nativeapps.TestCase1" time="12.462" errors="0" timestamp="2025-07-04T00:04:18 IST" skipped="0">
  <testcase classname="tests.android.nativeapps.TestCase1" name="display" time="12.462"/>
</testsuite> <!-- tests.android.nativeapps.TestCase1 -->
