<?xml version="1.0" encoding="UTF-8"?>
<!-- Generated by org.testng.reporters.JUnitReportReporter -->
<testsuite hostname="konduris-MacBook-Air.local" failures="0" tests="1" name="tests.android.nativeapps.AppiumBasics" time="6.117" errors="0" timestamp="2025-07-02T14:43:43 IST" skipped="0">
  <testcase classname="tests.android.nativeapps.AppiumBasics" name="WifiSettingsName" time="6.117"/>
</testsuite> <!-- tests.android.nativeapps.AppiumBasics -->
