<?xml version="1.0" encoding="UTF-8"?>
<!-- Generated by org.testng.reporters.JUnitReportReporter -->
<testsuite hostname="konduris-MacBook-Air.local" failures="0" tests="1" name="org.mydemo.ios.testCases.TestCase2" time="3.959" errors="0" timestamp="2025-07-19T19:07:42 IST" skipped="0">
  <testcase classname="org.mydemo.ios.testCases.TestCase2" name="sampleTest1" time="3.959"/>
</testsuite> <!-- org.mydemo.ios.testCases.TestCase2 -->
