<?xml version="1.0" encoding="UTF-8"?>
<!-- Generated by org.testng.reporters.JUnitReportReporter -->
<testsuite hostname="konduris-MacBook-Air.local" failures="0" tests="1" name="org.mydemo.android.testCases.TestCase3" time="4.484" errors="0" timestamp="2025-07-19T16:19:45 IST" skipped="0">
  <testcase classname="org.mydemo.android.testCases.TestCase3" name="sampleTest1" time="4.484"/>
</testsuite> <!-- org.mydemo.android.testCases.TestCase3 -->
