<?xml version="1.0" encoding="UTF-8"?>
<!-- Generated by org.testng.reporters.JUnitReportReporter -->
<testsuite hostname="konduris-MacBook-Air.local" failures="0" tests="1" name="org.generalStore.testCases.android.TestCase2" time="5.685" errors="0" timestamp="2025-07-12T08:19:18 IST" skipped="0">
  <testcase classname="org.generalStore.testCases.android.TestCase2" name="FillForm_PositiveFlow" time="5.685"/>
</testsuite> <!-- org.generalStore.testCases.android.TestCase2 -->
